2026-02-12 05:58:36 - itemgate - ERROR - Ошибка: POST /sima-land/ai_generate_desc_seller/7206840 | Время: 6.533с | Ошибка: Expecting value: line 1 column 1 (char 0)
Traceback (most recent call last):
  File "C:\Users\doshi\AppData\Local\Python\pythoncore-3.14-64\Lib\json\decoder.py", line 361, in raw_decode
    obj, end = self.scan_once(s, idx)
               ~~~~~~~~~~~~~~^^^^^^^^
StopIteration: 0

The above exception was the direct cause of the following exception:

Traceback (most recent call last):
  File "C:\Users\doshi\Documents\Coding\github_projects\ItemGate\src\itemgate_app\main.py", line 20, in log_requests
    response = await call_next(request)
               ^^^^^^^^^^^^^^^^^^^^^^^^
  File "C:\Users\doshi\Documents\Coding\github_projects\ItemGate\venv\Lib\site-packages\starlette\middleware\base.py", line 168, in call_next
    raise app_exc from app_exc.__cause__ or app_exc.__context__
  File "C:\Users\doshi\Documents\Coding\github_projects\ItemGate\venv\Lib\site-packages\starlette\middleware\base.py", line 144, in coro
    await self.app(scope, receive_or_disconnect, send_no_error)
  File "C:\Users\doshi\Documents\Coding\github_projects\ItemGate\venv\Lib\site-packages\starlette\middleware\exceptions.py", line 63, in __call__
    await wrap_app_handling_exceptions(self.app, conn)(scope, receive, send)
  File "C:\Users\doshi\Documents\Coding\github_projects\ItemGate\venv\Lib\site-packages\starlette\_exception_handler.py", line 53, in wrapped_app
    raise exc
  File "C:\Users\doshi\Documents\Coding\github_projects\ItemGate\venv\Lib\site-packages\starlette\_exception_handler.py", line 42, in wrapped_app
    await app(scope, receive, sender)
  File "C:\Users\doshi\Documents\Coding\github_projects\ItemGate\venv\Lib\site-packages\fastapi\middleware\asyncexitstack.py", line 18, in __call__
    await self.app(scope, receive, send)
  File "C:\Users\doshi\Documents\Coding\github_projects\ItemGate\venv\Lib\site-packages\starlette\routing.py", line 716, in __call__
    await self.middleware_stack(scope, receive, send)
  File "C:\Users\doshi\Documents\Coding\github_projects\ItemGate\venv\Lib\site-packages\starlette\routing.py", line 736, in app
    await route.handle(scope, receive, send)
  File "C:\Users\doshi\Documents\Coding\github_projects\ItemGate\venv\Lib\site-packages\starlette\routing.py", line 290, in handle
    await self.app(scope, receive, send)
  File "C:\Users\doshi\Documents\Coding\github_projects\ItemGate\venv\Lib\site-packages\fastapi\routing.py", line 115, in app
    await wrap_app_handling_exceptions(app, request)(scope, receive, send)
  File "C:\Users\doshi\Documents\Coding\github_projects\ItemGate\venv\Lib\site-packages\starlette\_exception_handler.py", line 53, in wrapped_app
    raise exc
  File "C:\Users\doshi\Documents\Coding\github_projects\ItemGate\venv\Lib\site-packages\starlette\_exception_handler.py", line 42, in wrapped_app
    await app(scope, receive, sender)
  File "C:\Users\doshi\Documents\Coding\github_projects\ItemGate\venv\Lib\site-packages\fastapi\routing.py", line 101, in app
    response = await f(request)
               ^^^^^^^^^^^^^^^^
  File "C:\Users\doshi\Documents\Coding\github_projects\ItemGate\venv\Lib\site-packages\fastapi\routing.py", line 355, in app
    raw_response = await run_endpoint_function(
                   ^^^^^^^^^^^^^^^^^^^^^^^^^^^^
    ...<3 lines>...
    )
    ^
  File "C:\Users\doshi\Documents\Coding\github_projects\ItemGate\venv\Lib\site-packages\fastapi\routing.py", line 243, in run_endpoint_function
    return await dependant.call(**values)
           ^^^^^^^^^^^^^^^^^^^^^^^^^^^^^^
  File "C:\Users\doshi\Documents\Coding\github_projects\ItemGate\src\itemgate_app\routers\sima_land\ai_generate.py", line 48, in func
    ai_response = await openRouterClient.get_response(user_data=str(request_item))
                  ^^^^^^^^^^^^^^^^^^^^^^^^^^^^^^^^^^^^^^^^^^^^^^^^^^^^^^^^^^^^^^^^
  File "C:\Users\doshi\Documents\Coding\github_projects\ItemGate\src\itemgate_app\services\ai_client.py", line 54, in get_response
    data_dict = json.loads(str(content))
  File "C:\Users\doshi\AppData\Local\Python\pythoncore-3.14-64\Lib\json\__init__.py", line 346, in loads
    return _default_decoder.decode(s)
           ~~~~~~~~~~~~~~~~~~~~~~~^^^
  File "C:\Users\doshi\AppData\Local\Python\pythoncore-3.14-64\Lib\json\decoder.py", line 345, in decode
    obj, end = self.raw_decode(s, idx=_w(s, 0).end())
               ~~~~~~~~~~~~~~~^^^^^^^^^^^^^^^^^^^^^^^
  File "C:\Users\doshi\AppData\Local\Python\pythoncore-3.14-64\Lib\json\decoder.py", line 363, in raw_decode
    raise JSONDecodeError("Expecting value", s, err.value) from None
json.decoder.JSONDecodeError: Expecting value: line 1 column 1 (char 0)
2026-02-12 05:59:37 - itemgate - ERROR - Ошибка: POST /sima-land/ai_generate_desc_seller/8139474 | Время: 5.572с | Ошибка: Expecting value: line 1 column 1 (char 0)
Traceback (most recent call last):
  File "C:\Users\doshi\AppData\Local\Python\pythoncore-3.14-64\Lib\json\decoder.py", line 361, in raw_decode
    obj, end = self.scan_once(s, idx)
               ~~~~~~~~~~~~~~^^^^^^^^
StopIteration: 0

The above exception was the direct cause of the following exception:

Traceback (most recent call last):
  File "C:\Users\doshi\Documents\Coding\github_projects\ItemGate\src\itemgate_app\main.py", line 20, in log_requests
    response = await call_next(request)
               ^^^^^^^^^^^^^^^^^^^^^^^^
  File "C:\Users\doshi\Documents\Coding\github_projects\ItemGate\venv\Lib\site-packages\starlette\middleware\base.py", line 168, in call_next
    raise app_exc from app_exc.__cause__ or app_exc.__context__
  File "C:\Users\doshi\Documents\Coding\github_projects\ItemGate\venv\Lib\site-packages\starlette\middleware\base.py", line 144, in coro
    await self.app(scope, receive_or_disconnect, send_no_error)
  File "C:\Users\doshi\Documents\Coding\github_projects\ItemGate\venv\Lib\site-packages\starlette\middleware\exceptions.py", line 63, in __call__
    await wrap_app_handling_exceptions(self.app, conn)(scope, receive, send)
  File "C:\Users\doshi\Documents\Coding\github_projects\ItemGate\venv\Lib\site-packages\starlette\_exception_handler.py", line 53, in wrapped_app
    raise exc
  File "C:\Users\doshi\Documents\Coding\github_projects\ItemGate\venv\Lib\site-packages\starlette\_exception_handler.py", line 42, in wrapped_app
    await app(scope, receive, sender)
  File "C:\Users\doshi\Documents\Coding\github_projects\ItemGate\venv\Lib\site-packages\fastapi\middleware\asyncexitstack.py", line 18, in __call__
    await self.app(scope, receive, send)
  File "C:\Users\doshi\Documents\Coding\github_projects\ItemGate\venv\Lib\site-packages\starlette\routing.py", line 716, in __call__
    await self.middleware_stack(scope, receive, send)
  File "C:\Users\doshi\Documents\Coding\github_projects\ItemGate\venv\Lib\site-packages\starlette\routing.py", line 736, in app
    await route.handle(scope, receive, send)
  File "C:\Users\doshi\Documents\Coding\github_projects\ItemGate\venv\Lib\site-packages\starlette\routing.py", line 290, in handle
    await self.app(scope, receive, send)
  File "C:\Users\doshi\Documents\Coding\github_projects\ItemGate\venv\Lib\site-packages\fastapi\routing.py", line 115, in app
    await wrap_app_handling_exceptions(app, request)(scope, receive, send)
  File "C:\Users\doshi\Documents\Coding\github_projects\ItemGate\venv\Lib\site-packages\starlette\_exception_handler.py", line 53, in wrapped_app
    raise exc
  File "C:\Users\doshi\Documents\Coding\github_projects\ItemGate\venv\Lib\site-packages\starlette\_exception_handler.py", line 42, in wrapped_app
    await app(scope, receive, sender)
  File "C:\Users\doshi\Documents\Coding\github_projects\ItemGate\venv\Lib\site-packages\fastapi\routing.py", line 101, in app
    response = await f(request)
               ^^^^^^^^^^^^^^^^
  File "C:\Users\doshi\Documents\Coding\github_projects\ItemGate\venv\Lib\site-packages\fastapi\routing.py", line 355, in app
    raw_response = await run_endpoint_function(
                   ^^^^^^^^^^^^^^^^^^^^^^^^^^^^
    ...<3 lines>...
    )
    ^
  File "C:\Users\doshi\Documents\Coding\github_projects\ItemGate\venv\Lib\site-packages\fastapi\routing.py", line 243, in run_endpoint_function
    return await dependant.call(**values)
           ^^^^^^^^^^^^^^^^^^^^^^^^^^^^^^
  File "C:\Users\doshi\Documents\Coding\github_projects\ItemGate\src\itemgate_app\routers\sima_land\ai_generate.py", line 48, in func
    ai_response = await openRouterClient.get_response(user_data=str(request_item))
                  ^^^^^^^^^^^^^^^^^^^^^^^^^^^^^^^^^^^^^^^^^^^^^^^^^^^^^^^^^^^^^^^^
  File "C:\Users\doshi\Documents\Coding\github_projects\ItemGate\src\itemgate_app\services\ai_client.py", line 54, in get_response
    data_dict = json.loads(str(content))
  File "C:\Users\doshi\AppData\Local\Python\pythoncore-3.14-64\Lib\json\__init__.py", line 346, in loads
    return _default_decoder.decode(s)
           ~~~~~~~~~~~~~~~~~~~~~~~^^^
  File "C:\Users\doshi\AppData\Local\Python\pythoncore-3.14-64\Lib\json\decoder.py", line 345, in decode
    obj, end = self.raw_decode(s, idx=_w(s, 0).end())
               ~~~~~~~~~~~~~~~^^^^^^^^^^^^^^^^^^^^^^^
  File "C:\Users\doshi\AppData\Local\Python\pythoncore-3.14-64\Lib\json\decoder.py", line 363, in raw_decode
    raise JSONDecodeError("Expecting value", s, err.value) from None
json.decoder.JSONDecodeError: Expecting value: line 1 column 1 (char 0)
2026-02-12 06:22:18 - itemgate - ERROR - Ошибка: GET /sima-land/get_items | Время: 0.010с | Ошибка: (sqlite3.OperationalError) no such column: item.user_id
[SQL: SELECT item.user_id, item.id_item, item.uid, item.sid, item.balance, item.name, item.slug, item.stuff, item.category_id, item."photoUrl", item.image_title, item.price, item.raw_description, item.ai_description, item.ai_keywords, item.ai_prompt_version, item.excel_exported, item.excel_row_id, item.id, item.created_at, item.updated_at 
FROM item 
WHERE item.user_id = ? AND item.id_item IS NOT NULL AND item.ai_description IS NULL]
[parameters: (1,)]
(Background on this error at: https://sqlalche.me/e/20/e3q8)
Traceback (most recent call last):
  File "C:\Users\doshi\Documents\Coding\github_projects\ItemGate\venv\Lib\site-packages\sqlalchemy\engine\base.py", line 1967, in _exec_single_context
    self.dialect.do_execute(
    ~~~~~~~~~~~~~~~~~~~~~~~^
        cursor, str_statement, effective_parameters, context
        ^^^^^^^^^^^^^^^^^^^^^^^^^^^^^^^^^^^^^^^^^^^^^^^^^^^^
    )
    ^
  File "C:\Users\doshi\Documents\Coding\github_projects\ItemGate\venv\Lib\site-packages\sqlalchemy\engine\default.py", line 952, in do_execute
    cursor.execute(statement, parameters)
    ~~~~~~~~~~~~~~^^^^^^^^^^^^^^^^^^^^^^^
  File "C:\Users\doshi\Documents\Coding\github_projects\ItemGate\venv\Lib\site-packages\sqlalchemy\dialects\sqlite\aiosqlite.py", line 180, in execute
    self._adapt_connection._handle_exception(error)
    ~~~~~~~~~~~~~~~~~~~~~~~~~~~~~~~~~~~~~~~~^^^^^^^
  File "C:\Users\doshi\Documents\Coding\github_projects\ItemGate\venv\Lib\site-packages\sqlalchemy\dialects\sqlite\aiosqlite.py", line 340, in _handle_exception
    raise error
  File "C:\Users\doshi\Documents\Coding\github_projects\ItemGate\venv\Lib\site-packages\sqlalchemy\dialects\sqlite\aiosqlite.py", line 162, in execute
    self.await_(_cursor.execute(operation, parameters))
    ~~~~~~~~~~~^^^^^^^^^^^^^^^^^^^^^^^^^^^^^^^^^^^^^^^^
  File "C:\Users\doshi\Documents\Coding\github_projects\ItemGate\venv\Lib\site-packages\sqlalchemy\util\_concurrency_py3k.py", line 132, in await_only
    return current.parent.switch(awaitable)  # type: ignore[no-any-return,attr-defined] # noqa: E501
           ~~~~~~~~~~~~~~~~~~~~~^^^^^^^^^^^
  File "C:\Users\doshi\Documents\Coding\github_projects\ItemGate\venv\Lib\site-packages\sqlalchemy\util\_concurrency_py3k.py", line 196, in greenlet_spawn
    value = await result
            ^^^^^^^^^^^^
  File "C:\Users\doshi\Documents\Coding\github_projects\ItemGate\venv\Lib\site-packages\aiosqlite\cursor.py", line 40, in execute
    await self._execute(self._cursor.execute, sql, parameters)
  File "C:\Users\doshi\Documents\Coding\github_projects\ItemGate\venv\Lib\site-packages\aiosqlite\cursor.py", line 32, in _execute
    return await self._conn._execute(fn, *args, **kwargs)
           ^^^^^^^^^^^^^^^^^^^^^^^^^^^^^^^^^^^^^^^^^^^^^^
  File "C:\Users\doshi\Documents\Coding\github_projects\ItemGate\venv\Lib\site-packages\aiosqlite\core.py", line 160, in _execute
    return await future
           ^^^^^^^^^^^^
  File "C:\Users\doshi\Documents\Coding\github_projects\ItemGate\venv\Lib\site-packages\aiosqlite\core.py", line 63, in _connection_worker_thread
    result = function()
sqlite3.OperationalError: no such column: item.user_id

The above exception was the direct cause of the following exception:

Traceback (most recent call last):
  File "C:\Users\doshi\Documents\Coding\github_projects\ItemGate\src\itemgate_app\main.py", line 20, in log_requests
    response = await call_next(request)
               ^^^^^^^^^^^^^^^^^^^^^^^^
  File "C:\Users\doshi\Documents\Coding\github_projects\ItemGate\venv\Lib\site-packages\starlette\middleware\base.py", line 168, in call_next
    raise app_exc from app_exc.__cause__ or app_exc.__context__
  File "C:\Users\doshi\Documents\Coding\github_projects\ItemGate\venv\Lib\site-packages\starlette\middleware\base.py", line 144, in coro
    await self.app(scope, receive_or_disconnect, send_no_error)
  File "C:\Users\doshi\Documents\Coding\github_projects\ItemGate\venv\Lib\site-packages\starlette\middleware\exceptions.py", line 63, in __call__
    await wrap_app_handling_exceptions(self.app, conn)(scope, receive, send)
  File "C:\Users\doshi\Documents\Coding\github_projects\ItemGate\venv\Lib\site-packages\starlette\_exception_handler.py", line 53, in wrapped_app
    raise exc
  File "C:\Users\doshi\Documents\Coding\github_projects\ItemGate\venv\Lib\site-packages\starlette\_exception_handler.py", line 42, in wrapped_app
    await app(scope, receive, sender)
  File "C:\Users\doshi\Documents\Coding\github_projects\ItemGate\venv\Lib\site-packages\fastapi\middleware\asyncexitstack.py", line 18, in __call__
    await self.app(scope, receive, send)
  File "C:\Users\doshi\Documents\Coding\github_projects\ItemGate\venv\Lib\site-packages\starlette\routing.py", line 716, in __call__
    await self.middleware_stack(scope, receive, send)
  File "C:\Users\doshi\Documents\Coding\github_projects\ItemGate\venv\Lib\site-packages\starlette\routing.py", line 736, in app
    await route.handle(scope, receive, send)
  File "C:\Users\doshi\Documents\Coding\github_projects\ItemGate\venv\Lib\site-packages\starlette\routing.py", line 290, in handle
    await self.app(scope, receive, send)
  File "C:\Users\doshi\Documents\Coding\github_projects\ItemGate\venv\Lib\site-packages\fastapi\routing.py", line 115, in app
    await wrap_app_handling_exceptions(app, request)(scope, receive, send)
  File "C:\Users\doshi\Documents\Coding\github_projects\ItemGate\venv\Lib\site-packages\starlette\_exception_handler.py", line 53, in wrapped_app
    raise exc
  File "C:\Users\doshi\Documents\Coding\github_projects\ItemGate\venv\Lib\site-packages\starlette\_exception_handler.py", line 42, in wrapped_app
    await app(scope, receive, sender)
  File "C:\Users\doshi\Documents\Coding\github_projects\ItemGate\venv\Lib\site-packages\fastapi\routing.py", line 101, in app
    response = await f(request)
               ^^^^^^^^^^^^^^^^
  File "C:\Users\doshi\Documents\Coding\github_projects\ItemGate\venv\Lib\site-packages\fastapi\routing.py", line 355, in app
    raw_response = await run_endpoint_function(
                   ^^^^^^^^^^^^^^^^^^^^^^^^^^^^
    ...<3 lines>...
    )
    ^
  File "C:\Users\doshi\Documents\Coding\github_projects\ItemGate\venv\Lib\site-packages\fastapi\routing.py", line 243, in run_endpoint_function
    return await dependant.call(**values)
           ^^^^^^^^^^^^^^^^^^^^^^^^^^^^^^
  File "C:\Users\doshi\Documents\Coding\github_projects\ItemGate\src\itemgate_app\routers\sima_land\getters.py", line 23, in get_generated_items
    result = await db.execute(stmt)
             ^^^^^^^^^^^^^^^^^^^^^^
  File "C:\Users\doshi\Documents\Coding\github_projects\ItemGate\venv\Lib\site-packages\sqlalchemy\ext\asyncio\session.py", line 449, in execute
    result = await greenlet_spawn(
             ^^^^^^^^^^^^^^^^^^^^^
    ...<6 lines>...
    )
    ^
  File "C:\Users\doshi\Documents\Coding\github_projects\ItemGate\venv\Lib\site-packages\sqlalchemy\util\_concurrency_py3k.py", line 201, in greenlet_spawn
    result = context.throw(*sys.exc_info())
  File "C:\Users\doshi\Documents\Coding\github_projects\ItemGate\venv\Lib\site-packages\sqlalchemy\orm\session.py", line 2351, in execute
    return self._execute_internal(
           ~~~~~~~~~~~~~~~~~~~~~~^
        statement,
        ^^^^^^^^^^
    ...<4 lines>...
        _add_event=_add_event,
        ^^^^^^^^^^^^^^^^^^^^^^
    )
    ^
  File "C:\Users\doshi\Documents\Coding\github_projects\ItemGate\venv\Lib\site-packages\sqlalchemy\orm\session.py", line 2249, in _execute_internal
    result: Result[Any] = compile_state_cls.orm_execute_statement(
                          ~~~~~~~~~~~~~~~~~~~~~~~~~~~~~~~~~~~~~~~^
        self,
        ^^^^^
    ...<4 lines>...
        conn,
        ^^^^^
    )
    ^
  File "C:\Users\doshi\Documents\Coding\github_projects\ItemGate\venv\Lib\site-packages\sqlalchemy\orm\context.py", line 306, in orm_execute_statement
    result = conn.execute(
        statement, params or {}, execution_options=execution_options
    )
  File "C:\Users\doshi\Documents\Coding\github_projects\ItemGate\venv\Lib\site-packages\sqlalchemy\engine\base.py", line 1419, in execute
    return meth(
        self,
        distilled_parameters,
        execution_options or NO_OPTIONS,
    )
  File "C:\Users\doshi\Documents\Coding\github_projects\ItemGate\venv\Lib\site-packages\sqlalchemy\sql\elements.py", line 527, in _execute_on_connection
    return connection._execute_clauseelement(
           ~~~~~~~~~~~~~~~~~~~~~~~~~~~~~~~~~^
        self, distilled_params, execution_options
        ^^^^^^^^^^^^^^^^^^^^^^^^^^^^^^^^^^^^^^^^^
    )
    ^
  File "C:\Users\doshi\Documents\Coding\github_projects\ItemGate\venv\Lib\site-packages\sqlalchemy\engine\base.py", line 1641, in _execute_clauseelement
    ret = self._execute_context(
        dialect,
    ...<8 lines>...
        cache_hit=cache_hit,
    )
  File "C:\Users\doshi\Documents\Coding\github_projects\ItemGate\venv\Lib\site-packages\sqlalchemy\engine\base.py", line 1846, in _execute_context
    return self._exec_single_context(
           ~~~~~~~~~~~~~~~~~~~~~~~~~^
        dialect, context, statement, parameters
        ^^^^^^^^^^^^^^^^^^^^^^^^^^^^^^^^^^^^^^^
    )
    ^
  File "C:\Users\doshi\Documents\Coding\github_projects\ItemGate\venv\Lib\site-packages\sqlalchemy\engine\base.py", line 1986, in _exec_single_context
    self._handle_dbapi_exception(
    ~~~~~~~~~~~~~~~~~~~~~~~~~~~~^
        e, str_statement, effective_parameters, cursor, context
        ^^^^^^^^^^^^^^^^^^^^^^^^^^^^^^^^^^^^^^^^^^^^^^^^^^^^^^^
    )
    ^
  File "C:\Users\doshi\Documents\Coding\github_projects\ItemGate\venv\Lib\site-packages\sqlalchemy\engine\base.py", line 2363, in _handle_dbapi_exception
    raise sqlalchemy_exception.with_traceback(exc_info[2]) from e
  File "C:\Users\doshi\Documents\Coding\github_projects\ItemGate\venv\Lib\site-packages\sqlalchemy\engine\base.py", line 1967, in _exec_single_context
    self.dialect.do_execute(
    ~~~~~~~~~~~~~~~~~~~~~~~^
        cursor, str_statement, effective_parameters, context
        ^^^^^^^^^^^^^^^^^^^^^^^^^^^^^^^^^^^^^^^^^^^^^^^^^^^^
    )
    ^
  File "C:\Users\doshi\Documents\Coding\github_projects\ItemGate\venv\Lib\site-packages\sqlalchemy\engine\default.py", line 952, in do_execute
    cursor.execute(statement, parameters)
    ~~~~~~~~~~~~~~^^^^^^^^^^^^^^^^^^^^^^^
  File "C:\Users\doshi\Documents\Coding\github_projects\ItemGate\venv\Lib\site-packages\sqlalchemy\dialects\sqlite\aiosqlite.py", line 180, in execute
    self._adapt_connection._handle_exception(error)
    ~~~~~~~~~~~~~~~~~~~~~~~~~~~~~~~~~~~~~~~~^^^^^^^
  File "C:\Users\doshi\Documents\Coding\github_projects\ItemGate\venv\Lib\site-packages\sqlalchemy\dialects\sqlite\aiosqlite.py", line 340, in _handle_exception
    raise error
  File "C:\Users\doshi\Documents\Coding\github_projects\ItemGate\venv\Lib\site-packages\sqlalchemy\dialects\sqlite\aiosqlite.py", line 162, in execute
    self.await_(_cursor.execute(operation, parameters))
    ~~~~~~~~~~~^^^^^^^^^^^^^^^^^^^^^^^^^^^^^^^^^^^^^^^^
  File "C:\Users\doshi\Documents\Coding\github_projects\ItemGate\venv\Lib\site-packages\sqlalchemy\util\_concurrency_py3k.py", line 132, in await_only
    return current.parent.switch(awaitable)  # type: ignore[no-any-return,attr-defined] # noqa: E501
           ~~~~~~~~~~~~~~~~~~~~~^^^^^^^^^^^
  File "C:\Users\doshi\Documents\Coding\github_projects\ItemGate\venv\Lib\site-packages\sqlalchemy\util\_concurrency_py3k.py", line 196, in greenlet_spawn
    value = await result
            ^^^^^^^^^^^^
  File "C:\Users\doshi\Documents\Coding\github_projects\ItemGate\venv\Lib\site-packages\aiosqlite\cursor.py", line 40, in execute
    await self._execute(self._cursor.execute, sql, parameters)
  File "C:\Users\doshi\Documents\Coding\github_projects\ItemGate\venv\Lib\site-packages\aiosqlite\cursor.py", line 32, in _execute
    return await self._conn._execute(fn, *args, **kwargs)
           ^^^^^^^^^^^^^^^^^^^^^^^^^^^^^^^^^^^^^^^^^^^^^^
  File "C:\Users\doshi\Documents\Coding\github_projects\ItemGate\venv\Lib\site-packages\aiosqlite\core.py", line 160, in _execute
    return await future
           ^^^^^^^^^^^^
  File "C:\Users\doshi\Documents\Coding\github_projects\ItemGate\venv\Lib\site-packages\aiosqlite\core.py", line 63, in _connection_worker_thread
    result = function()
sqlalchemy.exc.OperationalError: (sqlite3.OperationalError) no such column: item.user_id
[SQL: SELECT item.user_id, item.id_item, item.uid, item.sid, item.balance, item.name, item.slug, item.stuff, item.category_id, item."photoUrl", item.image_title, item.price, item.raw_description, item.ai_description, item.ai_keywords, item.ai_prompt_version, item.excel_exported, item.excel_row_id, item.id, item.created_at, item.updated_at 
FROM item 
WHERE item.user_id = ? AND item.id_item IS NOT NULL AND item.ai_description IS NULL]
[parameters: (1,)]
(Background on this error at: https://sqlalche.me/e/20/e3q8)
2026-02-12 06:22:19 - itemgate - ERROR - Ошибка: GET /sima-land/get_items | Время: 0.003с | Ошибка: (sqlite3.OperationalError) no such column: item.user_id
[SQL: SELECT item.user_id, item.id_item, item.uid, item.sid, item.balance, item.name, item.slug, item.stuff, item.category_id, item."photoUrl", item.image_title, item.price, item.raw_description, item.ai_description, item.ai_keywords, item.ai_prompt_version, item.excel_exported, item.excel_row_id, item.id, item.created_at, item.updated_at 
FROM item 
WHERE item.user_id = ? AND item.id_item IS NOT NULL AND item.ai_description IS NULL]
[parameters: (1,)]
(Background on this error at: https://sqlalche.me/e/20/e3q8)
Traceback (most recent call last):
  File "C:\Users\doshi\Documents\Coding\github_projects\ItemGate\venv\Lib\site-packages\sqlalchemy\engine\base.py", line 1967, in _exec_single_context
    self.dialect.do_execute(
    ~~~~~~~~~~~~~~~~~~~~~~~^
        cursor, str_statement, effective_parameters, context
        ^^^^^^^^^^^^^^^^^^^^^^^^^^^^^^^^^^^^^^^^^^^^^^^^^^^^
    )
    ^
  File "C:\Users\doshi\Documents\Coding\github_projects\ItemGate\venv\Lib\site-packages\sqlalchemy\engine\default.py", line 952, in do_execute
    cursor.execute(statement, parameters)
    ~~~~~~~~~~~~~~^^^^^^^^^^^^^^^^^^^^^^^
  File "C:\Users\doshi\Documents\Coding\github_projects\ItemGate\venv\Lib\site-packages\sqlalchemy\dialects\sqlite\aiosqlite.py", line 180, in execute
    self._adapt_connection._handle_exception(error)
    ~~~~~~~~~~~~~~~~~~~~~~~~~~~~~~~~~~~~~~~~^^^^^^^
  File "C:\Users\doshi\Documents\Coding\github_projects\ItemGate\venv\Lib\site-packages\sqlalchemy\dialects\sqlite\aiosqlite.py", line 340, in _handle_exception
    raise error
  File "C:\Users\doshi\Documents\Coding\github_projects\ItemGate\venv\Lib\site-packages\sqlalchemy\dialects\sqlite\aiosqlite.py", line 162, in execute
    self.await_(_cursor.execute(operation, parameters))
    ~~~~~~~~~~~^^^^^^^^^^^^^^^^^^^^^^^^^^^^^^^^^^^^^^^^
  File "C:\Users\doshi\Documents\Coding\github_projects\ItemGate\venv\Lib\site-packages\sqlalchemy\util\_concurrency_py3k.py", line 132, in await_only
    return current.parent.switch(awaitable)  # type: ignore[no-any-return,attr-defined] # noqa: E501
           ~~~~~~~~~~~~~~~~~~~~~^^^^^^^^^^^
  File "C:\Users\doshi\Documents\Coding\github_projects\ItemGate\venv\Lib\site-packages\sqlalchemy\util\_concurrency_py3k.py", line 196, in greenlet_spawn
    value = await result
            ^^^^^^^^^^^^
  File "C:\Users\doshi\Documents\Coding\github_projects\ItemGate\venv\Lib\site-packages\aiosqlite\cursor.py", line 40, in execute
    await self._execute(self._cursor.execute, sql, parameters)
  File "C:\Users\doshi\Documents\Coding\github_projects\ItemGate\venv\Lib\site-packages\aiosqlite\cursor.py", line 32, in _execute
    return await self._conn._execute(fn, *args, **kwargs)
           ^^^^^^^^^^^^^^^^^^^^^^^^^^^^^^^^^^^^^^^^^^^^^^
  File "C:\Users\doshi\Documents\Coding\github_projects\ItemGate\venv\Lib\site-packages\aiosqlite\core.py", line 160, in _execute
    return await future
           ^^^^^^^^^^^^
  File "C:\Users\doshi\Documents\Coding\github_projects\ItemGate\venv\Lib\site-packages\aiosqlite\core.py", line 63, in _connection_worker_thread
    result = function()
sqlite3.OperationalError: no such column: item.user_id

The above exception was the direct cause of the following exception:

Traceback (most recent call last):
  File "C:\Users\doshi\Documents\Coding\github_projects\ItemGate\src\itemgate_app\main.py", line 20, in log_requests
    response = await call_next(request)
               ^^^^^^^^^^^^^^^^^^^^^^^^
  File "C:\Users\doshi\Documents\Coding\github_projects\ItemGate\venv\Lib\site-packages\starlette\middleware\base.py", line 168, in call_next
    raise app_exc from app_exc.__cause__ or app_exc.__context__
  File "C:\Users\doshi\Documents\Coding\github_projects\ItemGate\venv\Lib\site-packages\starlette\middleware\base.py", line 144, in coro
    await self.app(scope, receive_or_disconnect, send_no_error)
  File "C:\Users\doshi\Documents\Coding\github_projects\ItemGate\venv\Lib\site-packages\starlette\middleware\exceptions.py", line 63, in __call__
    await wrap_app_handling_exceptions(self.app, conn)(scope, receive, send)
  File "C:\Users\doshi\Documents\Coding\github_projects\ItemGate\venv\Lib\site-packages\starlette\_exception_handler.py", line 53, in wrapped_app
    raise exc
  File "C:\Users\doshi\Documents\Coding\github_projects\ItemGate\venv\Lib\site-packages\starlette\_exception_handler.py", line 42, in wrapped_app
    await app(scope, receive, sender)
  File "C:\Users\doshi\Documents\Coding\github_projects\ItemGate\venv\Lib\site-packages\fastapi\middleware\asyncexitstack.py", line 18, in __call__
    await self.app(scope, receive, send)
  File "C:\Users\doshi\Documents\Coding\github_projects\ItemGate\venv\Lib\site-packages\starlette\routing.py", line 716, in __call__
    await self.middleware_stack(scope, receive, send)
  File "C:\Users\doshi\Documents\Coding\github_projects\ItemGate\venv\Lib\site-packages\starlette\routing.py", line 736, in app
    await route.handle(scope, receive, send)
  File "C:\Users\doshi\Documents\Coding\github_projects\ItemGate\venv\Lib\site-packages\starlette\routing.py", line 290, in handle
    await self.app(scope, receive, send)
  File "C:\Users\doshi\Documents\Coding\github_projects\ItemGate\venv\Lib\site-packages\fastapi\routing.py", line 115, in app
    await wrap_app_handling_exceptions(app, request)(scope, receive, send)
  File "C:\Users\doshi\Documents\Coding\github_projects\ItemGate\venv\Lib\site-packages\starlette\_exception_handler.py", line 53, in wrapped_app
    raise exc
  File "C:\Users\doshi\Documents\Coding\github_projects\ItemGate\venv\Lib\site-packages\starlette\_exception_handler.py", line 42, in wrapped_app
    await app(scope, receive, sender)
  File "C:\Users\doshi\Documents\Coding\github_projects\ItemGate\venv\Lib\site-packages\fastapi\routing.py", line 101, in app
    response = await f(request)
               ^^^^^^^^^^^^^^^^
  File "C:\Users\doshi\Documents\Coding\github_projects\ItemGate\venv\Lib\site-packages\fastapi\routing.py", line 355, in app
    raw_response = await run_endpoint_function(
                   ^^^^^^^^^^^^^^^^^^^^^^^^^^^^
    ...<3 lines>...
    )
    ^
  File "C:\Users\doshi\Documents\Coding\github_projects\ItemGate\venv\Lib\site-packages\fastapi\routing.py", line 243, in run_endpoint_function
    return await dependant.call(**values)
           ^^^^^^^^^^^^^^^^^^^^^^^^^^^^^^
  File "C:\Users\doshi\Documents\Coding\github_projects\ItemGate\src\itemgate_app\routers\sima_land\getters.py", line 23, in get_generated_items
    result = await db.execute(stmt)
             ^^^^^^^^^^^^^^^^^^^^^^
  File "C:\Users\doshi\Documents\Coding\github_projects\ItemGate\venv\Lib\site-packages\sqlalchemy\ext\asyncio\session.py", line 449, in execute
    result = await greenlet_spawn(
             ^^^^^^^^^^^^^^^^^^^^^
    ...<6 lines>...
    )
    ^
  File "C:\Users\doshi\Documents\Coding\github_projects\ItemGate\venv\Lib\site-packages\sqlalchemy\util\_concurrency_py3k.py", line 201, in greenlet_spawn
    result = context.throw(*sys.exc_info())
  File "C:\Users\doshi\Documents\Coding\github_projects\ItemGate\venv\Lib\site-packages\sqlalchemy\orm\session.py", line 2351, in execute
    return self._execute_internal(
           ~~~~~~~~~~~~~~~~~~~~~~^
        statement,
        ^^^^^^^^^^
    ...<4 lines>...
        _add_event=_add_event,
        ^^^^^^^^^^^^^^^^^^^^^^
    )
    ^
  File "C:\Users\doshi\Documents\Coding\github_projects\ItemGate\venv\Lib\site-packages\sqlalchemy\orm\session.py", line 2249, in _execute_internal
    result: Result[Any] = compile_state_cls.orm_execute_statement(
                          ~~~~~~~~~~~~~~~~~~~~~~~~~~~~~~~~~~~~~~~^
        self,
        ^^^^^
    ...<4 lines>...
        conn,
        ^^^^^
    )
    ^
  File "C:\Users\doshi\Documents\Coding\github_projects\ItemGate\venv\Lib\site-packages\sqlalchemy\orm\context.py", line 306, in orm_execute_statement
    result = conn.execute(
        statement, params or {}, execution_options=execution_options
    )
  File "C:\Users\doshi\Documents\Coding\github_projects\ItemGate\venv\Lib\site-packages\sqlalchemy\engine\base.py", line 1419, in execute
    return meth(
        self,
        distilled_parameters,
        execution_options or NO_OPTIONS,
    )
  File "C:\Users\doshi\Documents\Coding\github_projects\ItemGate\venv\Lib\site-packages\sqlalchemy\sql\elements.py", line 527, in _execute_on_connection
    return connection._execute_clauseelement(
           ~~~~~~~~~~~~~~~~~~~~~~~~~~~~~~~~~^
        self, distilled_params, execution_options
        ^^^^^^^^^^^^^^^^^^^^^^^^^^^^^^^^^^^^^^^^^
    )
    ^
  File "C:\Users\doshi\Documents\Coding\github_projects\ItemGate\venv\Lib\site-packages\sqlalchemy\engine\base.py", line 1641, in _execute_clauseelement
    ret = self._execute_context(
        dialect,
    ...<8 lines>...
        cache_hit=cache_hit,
    )
  File "C:\Users\doshi\Documents\Coding\github_projects\ItemGate\venv\Lib\site-packages\sqlalchemy\engine\base.py", line 1846, in _execute_context
    return self._exec_single_context(
           ~~~~~~~~~~~~~~~~~~~~~~~~~^
        dialect, context, statement, parameters
        ^^^^^^^^^^^^^^^^^^^^^^^^^^^^^^^^^^^^^^^
    )
    ^
  File "C:\Users\doshi\Documents\Coding\github_projects\ItemGate\venv\Lib\site-packages\sqlalchemy\engine\base.py", line 1986, in _exec_single_context
    self._handle_dbapi_exception(
    ~~~~~~~~~~~~~~~~~~~~~~~~~~~~^
        e, str_statement, effective_parameters, cursor, context
        ^^^^^^^^^^^^^^^^^^^^^^^^^^^^^^^^^^^^^^^^^^^^^^^^^^^^^^^
    )
    ^
  File "C:\Users\doshi\Documents\Coding\github_projects\ItemGate\venv\Lib\site-packages\sqlalchemy\engine\base.py", line 2363, in _handle_dbapi_exception
    raise sqlalchemy_exception.with_traceback(exc_info[2]) from e
  File "C:\Users\doshi\Documents\Coding\github_projects\ItemGate\venv\Lib\site-packages\sqlalchemy\engine\base.py", line 1967, in _exec_single_context
    self.dialect.do_execute(
    ~~~~~~~~~~~~~~~~~~~~~~~^
        cursor, str_statement, effective_parameters, context
        ^^^^^^^^^^^^^^^^^^^^^^^^^^^^^^^^^^^^^^^^^^^^^^^^^^^^
    )
    ^
  File "C:\Users\doshi\Documents\Coding\github_projects\ItemGate\venv\Lib\site-packages\sqlalchemy\engine\default.py", line 952, in do_execute
    cursor.execute(statement, parameters)
    ~~~~~~~~~~~~~~^^^^^^^^^^^^^^^^^^^^^^^
  File "C:\Users\doshi\Documents\Coding\github_projects\ItemGate\venv\Lib\site-packages\sqlalchemy\dialects\sqlite\aiosqlite.py", line 180, in execute
    self._adapt_connection._handle_exception(error)
    ~~~~~~~~~~~~~~~~~~~~~~~~~~~~~~~~~~~~~~~~^^^^^^^
  File "C:\Users\doshi\Documents\Coding\github_projects\ItemGate\venv\Lib\site-packages\sqlalchemy\dialects\sqlite\aiosqlite.py", line 340, in _handle_exception
    raise error
  File "C:\Users\doshi\Documents\Coding\github_projects\ItemGate\venv\Lib\site-packages\sqlalchemy\dialects\sqlite\aiosqlite.py", line 162, in execute
    self.await_(_cursor.execute(operation, parameters))
    ~~~~~~~~~~~^^^^^^^^^^^^^^^^^^^^^^^^^^^^^^^^^^^^^^^^
  File "C:\Users\doshi\Documents\Coding\github_projects\ItemGate\venv\Lib\site-packages\sqlalchemy\util\_concurrency_py3k.py", line 132, in await_only
    return current.parent.switch(awaitable)  # type: ignore[no-any-return,attr-defined] # noqa: E501
           ~~~~~~~~~~~~~~~~~~~~~^^^^^^^^^^^
  File "C:\Users\doshi\Documents\Coding\github_projects\ItemGate\venv\Lib\site-packages\sqlalchemy\util\_concurrency_py3k.py", line 196, in greenlet_spawn
    value = await result
            ^^^^^^^^^^^^
  File "C:\Users\doshi\Documents\Coding\github_projects\ItemGate\venv\Lib\site-packages\aiosqlite\cursor.py", line 40, in execute
    await self._execute(self._cursor.execute, sql, parameters)
  File "C:\Users\doshi\Documents\Coding\github_projects\ItemGate\venv\Lib\site-packages\aiosqlite\cursor.py", line 32, in _execute
    return await self._conn._execute(fn, *args, **kwargs)
           ^^^^^^^^^^^^^^^^^^^^^^^^^^^^^^^^^^^^^^^^^^^^^^
  File "C:\Users\doshi\Documents\Coding\github_projects\ItemGate\venv\Lib\site-packages\aiosqlite\core.py", line 160, in _execute
    return await future
           ^^^^^^^^^^^^
  File "C:\Users\doshi\Documents\Coding\github_projects\ItemGate\venv\Lib\site-packages\aiosqlite\core.py", line 63, in _connection_worker_thread
    result = function()
sqlalchemy.exc.OperationalError: (sqlite3.OperationalError) no such column: item.user_id
[SQL: SELECT item.user_id, item.id_item, item.uid, item.sid, item.balance, item.name, item.slug, item.stuff, item.category_id, item."photoUrl", item.image_title, item.price, item.raw_description, item.ai_description, item.ai_keywords, item.ai_prompt_version, item.excel_exported, item.excel_row_id, item.id, item.created_at, item.updated_at 
FROM item 
WHERE item.user_id = ? AND item.id_item IS NOT NULL AND item.ai_description IS NULL]
[parameters: (1,)]
(Background on this error at: https://sqlalche.me/e/20/e3q8)
2026-02-12 06:22:20 - itemgate - ERROR - Ошибка: GET /sima-land/get_items_sellers | Время: 0.005с | Ошибка: (sqlite3.OperationalError) no such column: item.user_id
[SQL: SELECT item.user_id, item.id_item, item.uid, item.sid, item.balance, item.name, item.slug, item.stuff, item.category_id, item."photoUrl", item.image_title, item.price, item.raw_description, item.ai_description, item.ai_keywords, item.ai_prompt_version, item.excel_exported, item.excel_row_id, item.id, item.created_at, item.updated_at 
FROM item 
WHERE item.user_id = ? AND item.ai_description IS NOT NULL]
[parameters: (1,)]
(Background on this error at: https://sqlalche.me/e/20/e3q8)
Traceback (most recent call last):
  File "C:\Users\doshi\Documents\Coding\github_projects\ItemGate\venv\Lib\site-packages\sqlalchemy\engine\base.py", line 1967, in _exec_single_context
    self.dialect.do_execute(
    ~~~~~~~~~~~~~~~~~~~~~~~^
        cursor, str_statement, effective_parameters, context
        ^^^^^^^^^^^^^^^^^^^^^^^^^^^^^^^^^^^^^^^^^^^^^^^^^^^^
    )
    ^
  File "C:\Users\doshi\Documents\Coding\github_projects\ItemGate\venv\Lib\site-packages\sqlalchemy\engine\default.py", line 952, in do_execute
    cursor.execute(statement, parameters)
    ~~~~~~~~~~~~~~^^^^^^^^^^^^^^^^^^^^^^^
  File "C:\Users\doshi\Documents\Coding\github_projects\ItemGate\venv\Lib\site-packages\sqlalchemy\dialects\sqlite\aiosqlite.py", line 180, in execute
    self._adapt_connection._handle_exception(error)
    ~~~~~~~~~~~~~~~~~~~~~~~~~~~~~~~~~~~~~~~~^^^^^^^
  File "C:\Users\doshi\Documents\Coding\github_projects\ItemGate\venv\Lib\site-packages\sqlalchemy\dialects\sqlite\aiosqlite.py", line 340, in _handle_exception
    raise error
  File "C:\Users\doshi\Documents\Coding\github_projects\ItemGate\venv\Lib\site-packages\sqlalchemy\dialects\sqlite\aiosqlite.py", line 162, in execute
    self.await_(_cursor.execute(operation, parameters))
    ~~~~~~~~~~~^^^^^^^^^^^^^^^^^^^^^^^^^^^^^^^^^^^^^^^^
  File "C:\Users\doshi\Documents\Coding\github_projects\ItemGate\venv\Lib\site-packages\sqlalchemy\util\_concurrency_py3k.py", line 132, in await_only
    return current.parent.switch(awaitable)  # type: ignore[no-any-return,attr-defined] # noqa: E501
           ~~~~~~~~~~~~~~~~~~~~~^^^^^^^^^^^
  File "C:\Users\doshi\Documents\Coding\github_projects\ItemGate\venv\Lib\site-packages\sqlalchemy\util\_concurrency_py3k.py", line 196, in greenlet_spawn
    value = await result
            ^^^^^^^^^^^^
  File "C:\Users\doshi\Documents\Coding\github_projects\ItemGate\venv\Lib\site-packages\aiosqlite\cursor.py", line 40, in execute
    await self._execute(self._cursor.execute, sql, parameters)
  File "C:\Users\doshi\Documents\Coding\github_projects\ItemGate\venv\Lib\site-packages\aiosqlite\cursor.py", line 32, in _execute
    return await self._conn._execute(fn, *args, **kwargs)
           ^^^^^^^^^^^^^^^^^^^^^^^^^^^^^^^^^^^^^^^^^^^^^^
  File "C:\Users\doshi\Documents\Coding\github_projects\ItemGate\venv\Lib\site-packages\aiosqlite\core.py", line 160, in _execute
    return await future
           ^^^^^^^^^^^^
  File "C:\Users\doshi\Documents\Coding\github_projects\ItemGate\venv\Lib\site-packages\aiosqlite\core.py", line 63, in _connection_worker_thread
    result = function()
sqlite3.OperationalError: no such column: item.user_id

The above exception was the direct cause of the following exception:

Traceback (most recent call last):
  File "C:\Users\doshi\Documents\Coding\github_projects\ItemGate\src\itemgate_app\main.py", line 20, in log_requests
    response = await call_next(request)
               ^^^^^^^^^^^^^^^^^^^^^^^^
  File "C:\Users\doshi\Documents\Coding\github_projects\ItemGate\venv\Lib\site-packages\starlette\middleware\base.py", line 168, in call_next
    raise app_exc from app_exc.__cause__ or app_exc.__context__
  File "C:\Users\doshi\Documents\Coding\github_projects\ItemGate\venv\Lib\site-packages\starlette\middleware\base.py", line 144, in coro
    await self.app(scope, receive_or_disconnect, send_no_error)
  File "C:\Users\doshi\Documents\Coding\github_projects\ItemGate\venv\Lib\site-packages\starlette\middleware\exceptions.py", line 63, in __call__
    await wrap_app_handling_exceptions(self.app, conn)(scope, receive, send)
  File "C:\Users\doshi\Documents\Coding\github_projects\ItemGate\venv\Lib\site-packages\starlette\_exception_handler.py", line 53, in wrapped_app
    raise exc
  File "C:\Users\doshi\Documents\Coding\github_projects\ItemGate\venv\Lib\site-packages\starlette\_exception_handler.py", line 42, in wrapped_app
    await app(scope, receive, sender)
  File "C:\Users\doshi\Documents\Coding\github_projects\ItemGate\venv\Lib\site-packages\fastapi\middleware\asyncexitstack.py", line 18, in __call__
    await self.app(scope, receive, send)
  File "C:\Users\doshi\Documents\Coding\github_projects\ItemGate\venv\Lib\site-packages\starlette\routing.py", line 716, in __call__
    await self.middleware_stack(scope, receive, send)
  File "C:\Users\doshi\Documents\Coding\github_projects\ItemGate\venv\Lib\site-packages\starlette\routing.py", line 736, in app
    await route.handle(scope, receive, send)
  File "C:\Users\doshi\Documents\Coding\github_projects\ItemGate\venv\Lib\site-packages\starlette\routing.py", line 290, in handle
    await self.app(scope, receive, send)
  File "C:\Users\doshi\Documents\Coding\github_projects\ItemGate\venv\Lib\site-packages\fastapi\routing.py", line 115, in app
    await wrap_app_handling_exceptions(app, request)(scope, receive, send)
  File "C:\Users\doshi\Documents\Coding\github_projects\ItemGate\venv\Lib\site-packages\starlette\_exception_handler.py", line 53, in wrapped_app
    raise exc
  File "C:\Users\doshi\Documents\Coding\github_projects\ItemGate\venv\Lib\site-packages\starlette\_exception_handler.py", line 42, in wrapped_app
    await app(scope, receive, sender)
  File "C:\Users\doshi\Documents\Coding\github_projects\ItemGate\venv\Lib\site-packages\fastapi\routing.py", line 101, in app
    response = await f(request)
               ^^^^^^^^^^^^^^^^
  File "C:\Users\doshi\Documents\Coding\github_projects\ItemGate\venv\Lib\site-packages\fastapi\routing.py", line 355, in app
    raw_response = await run_endpoint_function(
                   ^^^^^^^^^^^^^^^^^^^^^^^^^^^^
    ...<3 lines>...
    )
    ^
  File "C:\Users\doshi\Documents\Coding\github_projects\ItemGate\venv\Lib\site-packages\fastapi\routing.py", line 243, in run_endpoint_function
    return await dependant.call(**values)
           ^^^^^^^^^^^^^^^^^^^^^^^^^^^^^^
  File "C:\Users\doshi\Documents\Coding\github_projects\ItemGate\src\itemgate_app\routers\sima_land\getters.py", line 35, in get_generated_items
    result = await db.execute(stmt)
             ^^^^^^^^^^^^^^^^^^^^^^
  File "C:\Users\doshi\Documents\Coding\github_projects\ItemGate\venv\Lib\site-packages\sqlalchemy\ext\asyncio\session.py", line 449, in execute
    result = await greenlet_spawn(
             ^^^^^^^^^^^^^^^^^^^^^
    ...<6 lines>...
    )
    ^
  File "C:\Users\doshi\Documents\Coding\github_projects\ItemGate\venv\Lib\site-packages\sqlalchemy\util\_concurrency_py3k.py", line 201, in greenlet_spawn
    result = context.throw(*sys.exc_info())
  File "C:\Users\doshi\Documents\Coding\github_projects\ItemGate\venv\Lib\site-packages\sqlalchemy\orm\session.py", line 2351, in execute
    return self._execute_internal(
           ~~~~~~~~~~~~~~~~~~~~~~^
        statement,
        ^^^^^^^^^^
    ...<4 lines>...
        _add_event=_add_event,
        ^^^^^^^^^^^^^^^^^^^^^^
    )
    ^
  File "C:\Users\doshi\Documents\Coding\github_projects\ItemGate\venv\Lib\site-packages\sqlalchemy\orm\session.py", line 2249, in _execute_internal
    result: Result[Any] = compile_state_cls.orm_execute_statement(
                          ~~~~~~~~~~~~~~~~~~~~~~~~~~~~~~~~~~~~~~~^
        self,
        ^^^^^
    ...<4 lines>...
        conn,
        ^^^^^
    )
    ^
  File "C:\Users\doshi\Documents\Coding\github_projects\ItemGate\venv\Lib\site-packages\sqlalchemy\orm\context.py", line 306, in orm_execute_statement
    result = conn.execute(
        statement, params or {}, execution_options=execution_options
    )
  File "C:\Users\doshi\Documents\Coding\github_projects\ItemGate\venv\Lib\site-packages\sqlalchemy\engine\base.py", line 1419, in execute
    return meth(
        self,
        distilled_parameters,
        execution_options or NO_OPTIONS,
    )
  File "C:\Users\doshi\Documents\Coding\github_projects\ItemGate\venv\Lib\site-packages\sqlalchemy\sql\elements.py", line 527, in _execute_on_connection
    return connection._execute_clauseelement(
           ~~~~~~~~~~~~~~~~~~~~~~~~~~~~~~~~~^
        self, distilled_params, execution_options
        ^^^^^^^^^^^^^^^^^^^^^^^^^^^^^^^^^^^^^^^^^
    )
    ^
  File "C:\Users\doshi\Documents\Coding\github_projects\ItemGate\venv\Lib\site-packages\sqlalchemy\engine\base.py", line 1641, in _execute_clauseelement
    ret = self._execute_context(
        dialect,
    ...<8 lines>...
        cache_hit=cache_hit,
    )
  File "C:\Users\doshi\Documents\Coding\github_projects\ItemGate\venv\Lib\site-packages\sqlalchemy\engine\base.py", line 1846, in _execute_context
    return self._exec_single_context(
           ~~~~~~~~~~~~~~~~~~~~~~~~~^
        dialect, context, statement, parameters
        ^^^^^^^^^^^^^^^^^^^^^^^^^^^^^^^^^^^^^^^
    )
    ^
  File "C:\Users\doshi\Documents\Coding\github_projects\ItemGate\venv\Lib\site-packages\sqlalchemy\engine\base.py", line 1986, in _exec_single_context
    self._handle_dbapi_exception(
    ~~~~~~~~~~~~~~~~~~~~~~~~~~~~^
        e, str_statement, effective_parameters, cursor, context
        ^^^^^^^^^^^^^^^^^^^^^^^^^^^^^^^^^^^^^^^^^^^^^^^^^^^^^^^
    )
    ^
  File "C:\Users\doshi\Documents\Coding\github_projects\ItemGate\venv\Lib\site-packages\sqlalchemy\engine\base.py", line 2363, in _handle_dbapi_exception
    raise sqlalchemy_exception.with_traceback(exc_info[2]) from e
  File "C:\Users\doshi\Documents\Coding\github_projects\ItemGate\venv\Lib\site-packages\sqlalchemy\engine\base.py", line 1967, in _exec_single_context
    self.dialect.do_execute(
    ~~~~~~~~~~~~~~~~~~~~~~~^
        cursor, str_statement, effective_parameters, context
        ^^^^^^^^^^^^^^^^^^^^^^^^^^^^^^^^^^^^^^^^^^^^^^^^^^^^
    )
    ^
  File "C:\Users\doshi\Documents\Coding\github_projects\ItemGate\venv\Lib\site-packages\sqlalchemy\engine\default.py", line 952, in do_execute
    cursor.execute(statement, parameters)
    ~~~~~~~~~~~~~~^^^^^^^^^^^^^^^^^^^^^^^
  File "C:\Users\doshi\Documents\Coding\github_projects\ItemGate\venv\Lib\site-packages\sqlalchemy\dialects\sqlite\aiosqlite.py", line 180, in execute
    self._adapt_connection._handle_exception(error)
    ~~~~~~~~~~~~~~~~~~~~~~~~~~~~~~~~~~~~~~~~^^^^^^^
  File "C:\Users\doshi\Documents\Coding\github_projects\ItemGate\venv\Lib\site-packages\sqlalchemy\dialects\sqlite\aiosqlite.py", line 340, in _handle_exception
    raise error
  File "C:\Users\doshi\Documents\Coding\github_projects\ItemGate\venv\Lib\site-packages\sqlalchemy\dialects\sqlite\aiosqlite.py", line 162, in execute
    self.await_(_cursor.execute(operation, parameters))
    ~~~~~~~~~~~^^^^^^^^^^^^^^^^^^^^^^^^^^^^^^^^^^^^^^^^
  File "C:\Users\doshi\Documents\Coding\github_projects\ItemGate\venv\Lib\site-packages\sqlalchemy\util\_concurrency_py3k.py", line 132, in await_only
    return current.parent.switch(awaitable)  # type: ignore[no-any-return,attr-defined] # noqa: E501
           ~~~~~~~~~~~~~~~~~~~~~^^^^^^^^^^^
  File "C:\Users\doshi\Documents\Coding\github_projects\ItemGate\venv\Lib\site-packages\sqlalchemy\util\_concurrency_py3k.py", line 196, in greenlet_spawn
    value = await result
            ^^^^^^^^^^^^
  File "C:\Users\doshi\Documents\Coding\github_projects\ItemGate\venv\Lib\site-packages\aiosqlite\cursor.py", line 40, in execute
    await self._execute(self._cursor.execute, sql, parameters)
  File "C:\Users\doshi\Documents\Coding\github_projects\ItemGate\venv\Lib\site-packages\aiosqlite\cursor.py", line 32, in _execute
    return await self._conn._execute(fn, *args, **kwargs)
           ^^^^^^^^^^^^^^^^^^^^^^^^^^^^^^^^^^^^^^^^^^^^^^
  File "C:\Users\doshi\Documents\Coding\github_projects\ItemGate\venv\Lib\site-packages\aiosqlite\core.py", line 160, in _execute
    return await future
           ^^^^^^^^^^^^
  File "C:\Users\doshi\Documents\Coding\github_projects\ItemGate\venv\Lib\site-packages\aiosqlite\core.py", line 63, in _connection_worker_thread
    result = function()
sqlalchemy.exc.OperationalError: (sqlite3.OperationalError) no such column: item.user_id
[SQL: SELECT item.user_id, item.id_item, item.uid, item.sid, item.balance, item.name, item.slug, item.stuff, item.category_id, item."photoUrl", item.image_title, item.price, item.raw_description, item.ai_description, item.ai_keywords, item.ai_prompt_version, item.excel_exported, item.excel_row_id, item.id, item.created_at, item.updated_at 
FROM item 
WHERE item.user_id = ? AND item.ai_description IS NOT NULL]
[parameters: (1,)]
(Background on this error at: https://sqlalche.me/e/20/e3q8)
2026-02-12 06:22:25 - itemgate - ERROR - Ошибка: GET /sima-land/get_items_sellers | Время: 0.007с | Ошибка: (sqlite3.OperationalError) no such column: item.user_id
[SQL: SELECT item.user_id, item.id_item, item.uid, item.sid, item.balance, item.name, item.slug, item.stuff, item.category_id, item."photoUrl", item.image_title, item.price, item.raw_description, item.ai_description, item.ai_keywords, item.ai_prompt_version, item.excel_exported, item.excel_row_id, item.id, item.created_at, item.updated_at 
FROM item 
WHERE item.user_id = ? AND item.ai_description IS NOT NULL]
[parameters: (1,)]
(Background on this error at: https://sqlalche.me/e/20/e3q8)
Traceback (most recent call last):
  File "C:\Users\doshi\Documents\Coding\github_projects\ItemGate\venv\Lib\site-packages\sqlalchemy\engine\base.py", line 1967, in _exec_single_context
    self.dialect.do_execute(
    ~~~~~~~~~~~~~~~~~~~~~~~^
        cursor, str_statement, effective_parameters, context
        ^^^^^^^^^^^^^^^^^^^^^^^^^^^^^^^^^^^^^^^^^^^^^^^^^^^^
    )
    ^
  File "C:\Users\doshi\Documents\Coding\github_projects\ItemGate\venv\Lib\site-packages\sqlalchemy\engine\default.py", line 952, in do_execute
    cursor.execute(statement, parameters)
    ~~~~~~~~~~~~~~^^^^^^^^^^^^^^^^^^^^^^^
  File "C:\Users\doshi\Documents\Coding\github_projects\ItemGate\venv\Lib\site-packages\sqlalchemy\dialects\sqlite\aiosqlite.py", line 180, in execute
    self._adapt_connection._handle_exception(error)
    ~~~~~~~~~~~~~~~~~~~~~~~~~~~~~~~~~~~~~~~~^^^^^^^
  File "C:\Users\doshi\Documents\Coding\github_projects\ItemGate\venv\Lib\site-packages\sqlalchemy\dialects\sqlite\aiosqlite.py", line 340, in _handle_exception
    raise error
  File "C:\Users\doshi\Documents\Coding\github_projects\ItemGate\venv\Lib\site-packages\sqlalchemy\dialects\sqlite\aiosqlite.py", line 162, in execute
    self.await_(_cursor.execute(operation, parameters))
    ~~~~~~~~~~~^^^^^^^^^^^^^^^^^^^^^^^^^^^^^^^^^^^^^^^^
  File "C:\Users\doshi\Documents\Coding\github_projects\ItemGate\venv\Lib\site-packages\sqlalchemy\util\_concurrency_py3k.py", line 132, in await_only
    return current.parent.switch(awaitable)  # type: ignore[no-any-return,attr-defined] # noqa: E501
           ~~~~~~~~~~~~~~~~~~~~~^^^^^^^^^^^
  File "C:\Users\doshi\Documents\Coding\github_projects\ItemGate\venv\Lib\site-packages\sqlalchemy\util\_concurrency_py3k.py", line 196, in greenlet_spawn
    value = await result
            ^^^^^^^^^^^^
  File "C:\Users\doshi\Documents\Coding\github_projects\ItemGate\venv\Lib\site-packages\aiosqlite\cursor.py", line 40, in execute
    await self._execute(self._cursor.execute, sql, parameters)
  File "C:\Users\doshi\Documents\Coding\github_projects\ItemGate\venv\Lib\site-packages\aiosqlite\cursor.py", line 32, in _execute
    return await self._conn._execute(fn, *args, **kwargs)
           ^^^^^^^^^^^^^^^^^^^^^^^^^^^^^^^^^^^^^^^^^^^^^^
  File "C:\Users\doshi\Documents\Coding\github_projects\ItemGate\venv\Lib\site-packages\aiosqlite\core.py", line 160, in _execute
    return await future
           ^^^^^^^^^^^^
  File "C:\Users\doshi\Documents\Coding\github_projects\ItemGate\venv\Lib\site-packages\aiosqlite\core.py", line 63, in _connection_worker_thread
    result = function()
sqlite3.OperationalError: no such column: item.user_id

The above exception was the direct cause of the following exception:

Traceback (most recent call last):
  File "C:\Users\doshi\Documents\Coding\github_projects\ItemGate\src\itemgate_app\main.py", line 20, in log_requests
    response = await call_next(request)
               ^^^^^^^^^^^^^^^^^^^^^^^^
  File "C:\Users\doshi\Documents\Coding\github_projects\ItemGate\venv\Lib\site-packages\starlette\middleware\base.py", line 168, in call_next
    raise app_exc from app_exc.__cause__ or app_exc.__context__
  File "C:\Users\doshi\Documents\Coding\github_projects\ItemGate\venv\Lib\site-packages\starlette\middleware\base.py", line 144, in coro
    await self.app(scope, receive_or_disconnect, send_no_error)
  File "C:\Users\doshi\Documents\Coding\github_projects\ItemGate\venv\Lib\site-packages\starlette\middleware\exceptions.py", line 63, in __call__
    await wrap_app_handling_exceptions(self.app, conn)(scope, receive, send)
  File "C:\Users\doshi\Documents\Coding\github_projects\ItemGate\venv\Lib\site-packages\starlette\_exception_handler.py", line 53, in wrapped_app
    raise exc
  File "C:\Users\doshi\Documents\Coding\github_projects\ItemGate\venv\Lib\site-packages\starlette\_exception_handler.py", line 42, in wrapped_app
    await app(scope, receive, sender)
  File "C:\Users\doshi\Documents\Coding\github_projects\ItemGate\venv\Lib\site-packages\fastapi\middleware\asyncexitstack.py", line 18, in __call__
    await self.app(scope, receive, send)
  File "C:\Users\doshi\Documents\Coding\github_projects\ItemGate\venv\Lib\site-packages\starlette\routing.py", line 716, in __call__
    await self.middleware_stack(scope, receive, send)
  File "C:\Users\doshi\Documents\Coding\github_projects\ItemGate\venv\Lib\site-packages\starlette\routing.py", line 736, in app
    await route.handle(scope, receive, send)
  File "C:\Users\doshi\Documents\Coding\github_projects\ItemGate\venv\Lib\site-packages\starlette\routing.py", line 290, in handle
    await self.app(scope, receive, send)
  File "C:\Users\doshi\Documents\Coding\github_projects\ItemGate\venv\Lib\site-packages\fastapi\routing.py", line 115, in app
    await wrap_app_handling_exceptions(app, request)(scope, receive, send)
  File "C:\Users\doshi\Documents\Coding\github_projects\ItemGate\venv\Lib\site-packages\starlette\_exception_handler.py", line 53, in wrapped_app
    raise exc
  File "C:\Users\doshi\Documents\Coding\github_projects\ItemGate\venv\Lib\site-packages\starlette\_exception_handler.py", line 42, in wrapped_app
    await app(scope, receive, sender)
  File "C:\Users\doshi\Documents\Coding\github_projects\ItemGate\venv\Lib\site-packages\fastapi\routing.py", line 101, in app
    response = await f(request)
               ^^^^^^^^^^^^^^^^
  File "C:\Users\doshi\Documents\Coding\github_projects\ItemGate\venv\Lib\site-packages\fastapi\routing.py", line 355, in app
    raw_response = await run_endpoint_function(
                   ^^^^^^^^^^^^^^^^^^^^^^^^^^^^
    ...<3 lines>...
    )
    ^
  File "C:\Users\doshi\Documents\Coding\github_projects\ItemGate\venv\Lib\site-packages\fastapi\routing.py", line 243, in run_endpoint_function
    return await dependant.call(**values)
           ^^^^^^^^^^^^^^^^^^^^^^^^^^^^^^
  File "C:\Users\doshi\Documents\Coding\github_projects\ItemGate\src\itemgate_app\routers\sima_land\getters.py", line 35, in get_generated_items
    result = await db.execute(stmt)
             ^^^^^^^^^^^^^^^^^^^^^^
  File "C:\Users\doshi\Documents\Coding\github_projects\ItemGate\venv\Lib\site-packages\sqlalchemy\ext\asyncio\session.py", line 449, in execute
    result = await greenlet_spawn(
             ^^^^^^^^^^^^^^^^^^^^^
    ...<6 lines>...
    )
    ^
  File "C:\Users\doshi\Documents\Coding\github_projects\ItemGate\venv\Lib\site-packages\sqlalchemy\util\_concurrency_py3k.py", line 201, in greenlet_spawn
    result = context.throw(*sys.exc_info())
  File "C:\Users\doshi\Documents\Coding\github_projects\ItemGate\venv\Lib\site-packages\sqlalchemy\orm\session.py", line 2351, in execute
    return self._execute_internal(
           ~~~~~~~~~~~~~~~~~~~~~~^
        statement,
        ^^^^^^^^^^
    ...<4 lines>...
        _add_event=_add_event,
        ^^^^^^^^^^^^^^^^^^^^^^
    )
    ^
  File "C:\Users\doshi\Documents\Coding\github_projects\ItemGate\venv\Lib\site-packages\sqlalchemy\orm\session.py", line 2249, in _execute_internal
    result: Result[Any] = compile_state_cls.orm_execute_statement(
                          ~~~~~~~~~~~~~~~~~~~~~~~~~~~~~~~~~~~~~~~^
        self,
        ^^^^^
    ...<4 lines>...
        conn,
        ^^^^^
    )
    ^
  File "C:\Users\doshi\Documents\Coding\github_projects\ItemGate\venv\Lib\site-packages\sqlalchemy\orm\context.py", line 306, in orm_execute_statement
    result = conn.execute(
        statement, params or {}, execution_options=execution_options
    )
  File "C:\Users\doshi\Documents\Coding\github_projects\ItemGate\venv\Lib\site-packages\sqlalchemy\engine\base.py", line 1419, in execute
    return meth(
        self,
        distilled_parameters,
        execution_options or NO_OPTIONS,
    )
  File "C:\Users\doshi\Documents\Coding\github_projects\ItemGate\venv\Lib\site-packages\sqlalchemy\sql\elements.py", line 527, in _execute_on_connection
    return connection._execute_clauseelement(
           ~~~~~~~~~~~~~~~~~~~~~~~~~~~~~~~~~^
        self, distilled_params, execution_options
        ^^^^^^^^^^^^^^^^^^^^^^^^^^^^^^^^^^^^^^^^^
    )
    ^
  File "C:\Users\doshi\Documents\Coding\github_projects\ItemGate\venv\Lib\site-packages\sqlalchemy\engine\base.py", line 1641, in _execute_clauseelement
    ret = self._execute_context(
        dialect,
    ...<8 lines>...
        cache_hit=cache_hit,
    )
  File "C:\Users\doshi\Documents\Coding\github_projects\ItemGate\venv\Lib\site-packages\sqlalchemy\engine\base.py", line 1846, in _execute_context
    return self._exec_single_context(
           ~~~~~~~~~~~~~~~~~~~~~~~~~^
        dialect, context, statement, parameters
        ^^^^^^^^^^^^^^^^^^^^^^^^^^^^^^^^^^^^^^^
    )
    ^
  File "C:\Users\doshi\Documents\Coding\github_projects\ItemGate\venv\Lib\site-packages\sqlalchemy\engine\base.py", line 1986, in _exec_single_context
    self._handle_dbapi_exception(
    ~~~~~~~~~~~~~~~~~~~~~~~~~~~~^
        e, str_statement, effective_parameters, cursor, context
        ^^^^^^^^^^^^^^^^^^^^^^^^^^^^^^^^^^^^^^^^^^^^^^^^^^^^^^^
    )
    ^
  File "C:\Users\doshi\Documents\Coding\github_projects\ItemGate\venv\Lib\site-packages\sqlalchemy\engine\base.py", line 2363, in _handle_dbapi_exception
    raise sqlalchemy_exception.with_traceback(exc_info[2]) from e
  File "C:\Users\doshi\Documents\Coding\github_projects\ItemGate\venv\Lib\site-packages\sqlalchemy\engine\base.py", line 1967, in _exec_single_context
    self.dialect.do_execute(
    ~~~~~~~~~~~~~~~~~~~~~~~^
        cursor, str_statement, effective_parameters, context
        ^^^^^^^^^^^^^^^^^^^^^^^^^^^^^^^^^^^^^^^^^^^^^^^^^^^^
    )
    ^
  File "C:\Users\doshi\Documents\Coding\github_projects\ItemGate\venv\Lib\site-packages\sqlalchemy\engine\default.py", line 952, in do_execute
    cursor.execute(statement, parameters)
    ~~~~~~~~~~~~~~^^^^^^^^^^^^^^^^^^^^^^^
  File "C:\Users\doshi\Documents\Coding\github_projects\ItemGate\venv\Lib\site-packages\sqlalchemy\dialects\sqlite\aiosqlite.py", line 180, in execute
    self._adapt_connection._handle_exception(error)
    ~~~~~~~~~~~~~~~~~~~~~~~~~~~~~~~~~~~~~~~~^^^^^^^
  File "C:\Users\doshi\Documents\Coding\github_projects\ItemGate\venv\Lib\site-packages\sqlalchemy\dialects\sqlite\aiosqlite.py", line 340, in _handle_exception
    raise error
  File "C:\Users\doshi\Documents\Coding\github_projects\ItemGate\venv\Lib\site-packages\sqlalchemy\dialects\sqlite\aiosqlite.py", line 162, in execute
    self.await_(_cursor.execute(operation, parameters))
    ~~~~~~~~~~~^^^^^^^^^^^^^^^^^^^^^^^^^^^^^^^^^^^^^^^^
  File "C:\Users\doshi\Documents\Coding\github_projects\ItemGate\venv\Lib\site-packages\sqlalchemy\util\_concurrency_py3k.py", line 132, in await_only
    return current.parent.switch(awaitable)  # type: ignore[no-any-return,attr-defined] # noqa: E501
           ~~~~~~~~~~~~~~~~~~~~~^^^^^^^^^^^
  File "C:\Users\doshi\Documents\Coding\github_projects\ItemGate\venv\Lib\site-packages\sqlalchemy\util\_concurrency_py3k.py", line 196, in greenlet_spawn
    value = await result
            ^^^^^^^^^^^^
  File "C:\Users\doshi\Documents\Coding\github_projects\ItemGate\venv\Lib\site-packages\aiosqlite\cursor.py", line 40, in execute
    await self._execute(self._cursor.execute, sql, parameters)
  File "C:\Users\doshi\Documents\Coding\github_projects\ItemGate\venv\Lib\site-packages\aiosqlite\cursor.py", line 32, in _execute
    return await self._conn._execute(fn, *args, **kwargs)
           ^^^^^^^^^^^^^^^^^^^^^^^^^^^^^^^^^^^^^^^^^^^^^^
  File "C:\Users\doshi\Documents\Coding\github_projects\ItemGate\venv\Lib\site-packages\aiosqlite\core.py", line 160, in _execute
    return await future
           ^^^^^^^^^^^^
  File "C:\Users\doshi\Documents\Coding\github_projects\ItemGate\venv\Lib\site-packages\aiosqlite\core.py", line 63, in _connection_worker_thread
    result = function()
sqlalchemy.exc.OperationalError: (sqlite3.OperationalError) no such column: item.user_id
[SQL: SELECT item.user_id, item.id_item, item.uid, item.sid, item.balance, item.name, item.slug, item.stuff, item.category_id, item."photoUrl", item.image_title, item.price, item.raw_description, item.ai_description, item.ai_keywords, item.ai_prompt_version, item.excel_exported, item.excel_row_id, item.id, item.created_at, item.updated_at 
FROM item 
WHERE item.user_id = ? AND item.ai_description IS NOT NULL]
[parameters: (1,)]
(Background on this error at: https://sqlalche.me/e/20/e3q8)
